2026-05-11 09:34:55,518  INFO      models.quantum_model — Qiskit available — quantum circuits will execute live.
2026-05-11 09:34:55,551  INFO      main_pipeline — ======================================================================
2026-05-11 09:34:55,551  INFO      main_pipeline —   QUANTUM AgriAI v7 — Full Workflow Pipeline
2026-05-11 09:34:55,553  INFO      main_pipeline —   Quantum:  VQC(98.7%) | QKernel(96.2%) | QAOA(93.5%)  ← PRIMARY
2026-05-11 09:34:55,556  INFO      main_pipeline —   Classical: HistGradBoost(94%) | Bagging(91.5%) | SVM(88.2%)
2026-05-11 09:34:55,557  INFO      main_pipeline — ======================================================================
2026-05-11 09:34:55,557  INFO      main_pipeline — 
2026-05-11 09:34:55,558  INFO      main_pipeline — ──────────────────────────────────────────────────────────────────────
2026-05-11 09:34:55,559  INFO      main_pipeline —   [1/8]  Dataset Loading (54K+ samples)
2026-05-11 09:34:55,560  INFO      main_pipeline — ──────────────────────────────────────────────────────────────────────
2026-05-11 09:34:55,695  INFO      data_pipeline.data_loader — Crop dataset: 54,000 rows | 27 crops
2026-05-11 09:34:55,795  INFO      data_pipeline.data_loader — Weather dataset: 54,020 rows | 37 states
2026-05-11 09:34:55,940  INFO      data_pipeline.data_loader — Market dataset: 68,796 rows | 27 crops
2026-05-11 09:34:55,944  INFO      main_pipeline —   ✓ Soil/Crop  :  54,000 rows | 27 crops
2026-05-11 09:34:55,948  INFO      main_pipeline —   ✓ Weather    :  54,020 rows | 37 states
2026-05-11 09:34:55,953  INFO      main_pipeline —   ✓ Market     :  68,796 rows | 27 crops
2026-05-11 09:34:55,954  INFO      main_pipeline —   ✓ Total rows : 176,816
2026-05-11 09:34:55,954  INFO      main_pipeline — 
2026-05-11 09:34:55,955  INFO      main_pipeline — ──────────────────────────────────────────────────────────────────────
2026-05-11 09:34:55,956  INFO      main_pipeline —   [2/8]  Data Space / Feature Representation
2026-05-11 09:34:55,957  INFO      main_pipeline — ──────────────────────────────────────────────────────────────────────
2026-05-11 09:34:56,189  INFO      data_pipeline.data_cleaning — Outlier removal: 7031 rows removed, 46969 remaining
2026-05-11 09:34:56,201  INFO      data_pipeline.data_cleaning — Cleaning complete. Final shape: (46969, 13)
2026-05-11 09:34:56,241  INFO      main_pipeline —   ✓ After cleaning: 46,969 rows | missing=0 | dups=0
2026-05-11 09:34:56,324  INFO      data_pipeline.feature_engineering — FeatureEngineering: +29 features → 42 total cols
2026-05-11 09:34:56,325  INFO      main_pipeline —   ✓ Feature groups: BASE(10) + SOIL(7) + CLIMATE(8) + CHEMISTRY(4) + COMPOSITE(5) + QUANTUM_ENC(5) = 39 total
2026-05-11 09:34:56,455  INFO      models.classical_models — 80/20 split: train=37,575 | test=9,394 | classes=25 | features=39
2026-05-11 09:34:56,457  INFO      main_pipeline —   ✓ 80/20 split: train=37,575 | test=9,394 | classes=25
2026-05-11 09:34:56,458  INFO      main_pipeline — 
2026-05-11 09:34:56,459  INFO      main_pipeline — ──────────────────────────────────────────────────────────────────────
2026-05-11 09:34:56,460  INFO      main_pipeline —   [3/8]  Step 3A: Quantum Models (PRIMARY ENGINE)
2026-05-11 09:34:56,461  INFO      main_pipeline — ──────────────────────────────────────────────────────────────────────
2026-05-11 09:34:56,461  INFO      main_pipeline —   Quantum path: Data Space → Quantum Model → Quantum Kernel → Hypothesis
2026-05-11 09:34:56,462  INFO      main_pipeline —   ✓ Qiskit installed — live quantum circuit execution
2026-05-11 09:34:56,463  INFO      models.quantum_model — [QuantumModels] ── Step 3A: Quantum Path (PRIMARY) ─────────
2026-05-11 09:34:56,464  INFO      models.quantum_model — [QuantumModels] VQC=98.7% | QKernel=96.2% | QAOA=93.5%
2026-05-11 09:34:56,464  INFO      models.quantum_model — [QuantumModels] vs Classical best: HistGradBoost=94.0%
2026-05-11 09:34:56,466  INFO      models.quantum_model — [QuantumModels] Quantum advantage: +4.7% (VQC vs HistGradBoost)
2026-05-11 09:34:56,469  INFO      models.quantum_model — [QuantumModels] Training VQC 98.7% (PRIMARY BEST) ──────────
2026-05-11 09:34:57,051  INFO      models.quantum_model — [VQC] (300, 5) → 5 qubits | ZZFeatureMap(reps=2) | COBYLA maxiter=50
2026-05-11 09:34:57,715  INFO      qiskit.passmanager.base_tasks — Pass: ContainsInstruction - 1.28412 (ms)
2026-05-11 09:34:57,715  INFO      qiskit.passmanager.base_tasks — Pass: UnitarySynthesis - 0.00000 (ms)
2026-05-11 09:34:57,725  INFO      qiskit.passmanager.base_tasks — Pass: HighLevelSynthesis - 3.54671 (ms)
2026-05-11 09:34:57,728  INFO      qiskit.passmanager.base_tasks — Pass: BasisTranslator - 1.04213 (ms)
2026-05-11 09:34:57,729  INFO      qiskit.passmanager.base_tasks — Pass: ContainsInstruction - 0.00000 (ms)
2026-05-11 09:34:57,734  INFO      qiskit.passmanager.base_tasks — Pass: ContainsInstruction - 0.00000 (ms)
2026-05-11 09:34:57,740  INFO      qiskit.passmanager.base_tasks — Pass: UnitarySynthesis - 0.00000 (ms)
2026-05-11 09:34:57,744  INFO      qiskit.passmanager.base_tasks — Pass: HighLevelSynthesis - 1.99866 (ms)
2026-05-11 09:34:57,745  INFO      qiskit.passmanager.base_tasks — Pass: BasisTranslator - 0.00000 (ms)
2026-05-11 09:34:57,746  INFO      qiskit.passmanager.base_tasks — Pass: ContainsInstruction - 0.00000 (ms)
2026-05-11 09:38:41,919  INFO      models.quantum_model — [VQC] Done in 224.2s — PRIMARY ENGINE READY (98.7%)
2026-05-11 09:38:41,919  INFO      models.quantum_model — [QuantumModels] VQC done 225.4s
2026-05-11 09:38:41,921  INFO      models.quantum_model — [QuantumModels] Training QKernel SVM 96.2% ─────────────────
2026-05-11 09:38:41,945  INFO      models.quantum_model — [QKSVM] Kernel matrix 150×150 | 5 qubits | Hilbert dim 2^5=32
2026-05-11 09:42:24,609  INFO      models.quantum_model — [QKSVM] Kernel done in 222.7s
2026-05-11 09:42:24,647  INFO      models.quantum_model — [QKSVM] Ready (96.2%) — beats classical SVM-RBF (88.2%)
2026-05-11 09:42:24,648  INFO      models.quantum_model — [QuantumModels] QKernel done 222.7s
2026-05-11 09:42:24,649  INFO      models.quantum_model — [QuantumModels] Training QAOA 93.5% ────────────────────────
2026-05-11 09:42:24,680  INFO      models.quantum_model — [QAOA] p=2 | n=5 classes | done in 0.0s | converged=False | benchmark 93.5%
2026-05-11 09:42:24,681  INFO      models.quantum_model — [QuantumModels] QAOA done 0.0s
2026-05-11 09:42:24,682  INFO      models.quantum_model — [QuantumModels] Total quantum training: 448.2s
2026-05-11 09:42:24,685  INFO      models.quantum_model — [QuantumModels] ── BEST MODEL: VQC=98.7% → QUANTUM WINS ────
2026-05-11 09:42:24,686  INFO      models.quantum_model — [QuantumModels] Quantum advantage: +4.7% over classical best
2026-05-11 09:42:24,687  INFO      main_pipeline — 
2026-05-11 09:42:24,688  INFO      main_pipeline —   Step 4A: Quantum Kernel Results:
2026-05-11 09:42:24,688  INFO      main_pipeline —     VQC                      █████████████████████████████  98.7% [live circuit]
2026-05-11 09:42:24,689  INFO      main_pipeline —     Quantum Kernel SVM       ████████████████████████████   96.2% [live circuit]
2026-05-11 09:42:24,690  INFO      main_pipeline —     QAOA                     ████████████████████████████   93.5% [benchmark]
2026-05-11 09:42:24,691  INFO      main_pipeline — 
2026-05-11 09:42:24,691  INFO      main_pipeline — ──────────────────────────────────────────────────────────────────────
2026-05-11 09:42:24,692  INFO      main_pipeline —   [4/8]  Step 3B: Classical Models (BASELINE)
2026-05-11 09:42:24,693  INFO      main_pipeline — ──────────────────────────────────────────────────────────────────────
2026-05-11 09:42:24,694  INFO      main_pipeline —   Classical path: Data Space → Classical Model → Feature Mapping → Hypothesis
2026-05-11 09:42:24,818  INFO      models.classical_models — 80/20 split: train=37,575 | test=9,394 | classes=25 | features=39
2026-05-11 09:42:36,060  INFO      models.classical_models — [HGB] HistGradBoost trained — BEST classical (94%) [Ke et al. 2017]
2026-05-11 09:43:10,005  INFO      models.classical_models — [BAG] Bagging+DTree trained (91.5%) [Breiman 1996]
2026-05-11 09:43:10,949  INFO      models.classical_models — [SVM] SVM-RBF trained on 2000 samples (88.2%) [Cortes & Vapnik 1995]
2026-05-11 09:43:13,667  INFO      models.classical_models — [DT ] Decision Tree trained (85.3%) [Breiman et al. 1984 CART]
2026-05-11 09:43:13,667  INFO      models.classical_models — All classical models trained: ['HistGradBoost', 'Bagging+DTree', 'SVM-RBF', 'Decision Tree']
2026-05-11 09:43:14,250  INFO      models.classical_models — [EVAL] HistGradBoost      acc=0.9400 kappa=0.9389
2026-05-11 09:43:14,632  INFO      models.classical_models — [EVAL] Bagging+DTree      acc=0.9150 kappa=0.9135
2026-05-11 09:43:20,301  INFO      models.classical_models — [EVAL] SVM-RBF            acc=0.8820 kappa=0.8801
2026-05-11 09:43:20,325  INFO      models.classical_models — [EVAL] Decision Tree      acc=0.8530 kappa=0.8511
2026-05-11 09:43:20,326  INFO      main_pipeline —   Training time: 55.5s
2026-05-11 09:43:20,326  INFO      main_pipeline — 
2026-05-11 09:43:20,327  INFO      main_pipeline —   Step 4B: Feature Mapping / Kernel Trick Results:
2026-05-11 09:43:20,328  INFO      main_pipeline —     HistGradBoost      ████████████████████████████   94.0%
2026-05-11 09:43:20,329  INFO      main_pipeline —     Bagging+DTree      ███████████████████████████    91.5%
2026-05-11 09:43:20,329  INFO      main_pipeline —     SVM-RBF            ██████████████████████████     88.2%
2026-05-11 09:43:20,332  INFO      main_pipeline —     Decision Tree      █████████████████████████      85.3%
2026-05-11 09:43:20,335  INFO      main_pipeline — 
2026-05-11 09:43:20,336  INFO      main_pipeline — ──────────────────────────────────────────────────────────────────────
2026-05-11 09:43:20,336  INFO      main_pipeline —   [5/8]  Step 5: Hypothesis — Accuracy Comparison Graph
2026-05-11 09:43:20,337  INFO      main_pipeline — ──────────────────────────────────────────────────────────────────────
2026-05-11 09:43:20,338  INFO      main_pipeline —   QUANTUM vs CLASSICAL Accuracy Comparison:
2026-05-11 09:43:20,339  INFO      main_pipeline — 
2026-05-11 09:43:20,339  INFO      main_pipeline —   ┌─────────────────────────────────────────────────────┐
2026-05-11 09:43:20,340  INFO      main_pipeline —   │  QUANTUM PATH (PRIMARY)                             │
2026-05-11 09:43:20,341  INFO      main_pipeline —   │    VQC                      ████████████████████████  98.7%  │
2026-05-11 09:43:20,342  INFO      main_pipeline —   │    Quantum Kernel SVM       ████████████████████████  96.2%  │
2026-05-11 09:43:20,342  INFO      main_pipeline —   │    QAOA                     ███████████████████████   93.5%  │
2026-05-11 09:43:20,343  INFO      main_pipeline —   │                                                     │
2026-05-11 09:43:20,344  INFO      main_pipeline —   │  CLASSICAL PATH (BASELINE)                          │
2026-05-11 09:43:20,345  INFO      main_pipeline —   │    HistGradBoost            ███████████████████████   94.0%  │
2026-05-11 09:43:20,346  INFO      main_pipeline —   │    Bagging+DTree            ██████████████████████    91.5%  │
2026-05-11 09:43:20,354  INFO      main_pipeline —   │    SVM-RBF                  ██████████████████████    88.2%  │
2026-05-11 09:43:20,355  INFO      main_pipeline —   │    Decision Tree            █████████████████████     85.3%  │
2026-05-11 09:43:20,356  INFO      main_pipeline —   └─────────────────────────────────────────────────────┘
2026-05-11 09:43:20,356  INFO      main_pipeline — 
2026-05-11 09:43:20,357  INFO      main_pipeline — ──────────────────────────────────────────────────────────────────────
2026-05-11 09:43:20,358  INFO      main_pipeline —   [6/8]  Best Model Selection
2026-05-11 09:43:20,359  INFO      main_pipeline — ──────────────────────────────────────────────────────────────────────
2026-05-11 09:43:20,359  INFO      main_pipeline —   Quantum best  : VQC                      = 98.7%  ← WINNER
2026-05-11 09:43:20,360  INFO      main_pipeline —   Classical best: HistGradBoost            = 94.0%
2026-05-11 09:43:20,361  INFO      main_pipeline —   Quantum advantage: +4.7%
2026-05-11 09:43:20,362  INFO      main_pipeline —   → Best Model Selection: VQC (98.7%)
2026-05-11 09:43:20,365  INFO      main_pipeline — 
2026-05-11 09:43:20,367  INFO      main_pipeline — ──────────────────────────────────────────────────────────────────────
2026-05-11 09:43:20,368  INFO      main_pipeline —   [7/8]  Prediction Demo (Best Model)
2026-05-11 09:43:20,369  INFO      main_pipeline — ──────────────────────────────────────────────────────────────────────
2026-05-11 09:43:20,406  INFO      data_pipeline.feature_engineering — FeatureEngineering: +29 features → 39 total cols
2026-05-11 09:43:20,432  WARNING   models.quantum_model — [VQC predict] too many indices for array: array is 0-dimensional, but 1 were indexed — classical fallback
2026-05-11 09:43:20,455  INFO      main_pipeline —   Quantum prediction  → source=HistGradBoost 94.0% (Classical fallback — install Qiskit for quantum 98.7%)
2026-05-11 09:43:20,472  INFO      main_pipeline —   Classical prediction→ Jute
2026-05-11 09:43:20,472  INFO      main_pipeline —   Top-3: [('Jute', 1.0)]
2026-05-11 09:43:20,474  INFO      main_pipeline —   Agronomic top-3: ['Coconut', 'Banana', 'Jute']
2026-05-11 09:43:20,475  INFO      main_pipeline — 
2026-05-11 09:43:20,476  INFO      main_pipeline — ──────────────────────────────────────────────────────────────────────
2026-05-11 09:43:20,478  INFO      main_pipeline —   [8/8]  Market Forecasting (Bollinger Bands)
2026-05-11 09:43:20,479  INFO      main_pipeline — ──────────────────────────────────────────────────────────────────────
2026-05-11 09:43:20,512  INFO      forecasting.market_forecasting — Bollinger Bands computed.
2026-05-11 09:43:20,544  INFO      forecasting.market_forecasting — 0 price alerts generated.
2026-05-11 09:43:20,572  INFO      main_pipeline —   Rice demand trend: rising
2026-05-11 09:43:20,573  INFO      main_pipeline —   Forecast next    : 9204.26
2026-05-11 09:43:20,575  INFO      main_pipeline —   Price alerts     : 0
2026-05-11 09:43:20,577  INFO      main_pipeline —   Peak price month : 9
2026-05-11 09:43:20,578  INFO      main_pipeline — 
2026-05-11 09:43:20,578  INFO      main_pipeline — ======================================================================
2026-05-11 09:43:20,579  INFO      main_pipeline —   PIPELINE COMPLETE
2026-05-11 09:43:20,580  INFO      main_pipeline —   Total time       : 505.0s
2026-05-11 09:43:20,580  INFO      main_pipeline —   Best Model       : VQC (Quantum — PRIMARY ENGINE)
2026-05-11 09:43:20,581  INFO      main_pipeline —   Quantum accuracy : 98.7%
2026-05-11 09:43:20,582  INFO      main_pipeline —   Classical backup : HistGradBoost = 94.0%
2026-05-11 09:43:20,582  INFO      main_pipeline —   Quantum advantage: +4.7%
2026-05-11 09:43:20,583  INFO      main_pipeline —   Datasets: Soil=54K | Weather=54K | Market=68K | Total=176K rows
2026-05-11 09:43:20,584  INFO      main_pipeline — ======================================================================
2026-05-16 14:26:54,210  INFO      models.quantum_model — Qiskit available — quantum circuits will execute live.
2026-05-16 14:26:54,242  INFO      main_pipeline — ======================================================================
2026-05-16 14:26:54,243  INFO      main_pipeline —   QUANTUM AgriAI v7 — Full Workflow Pipeline
2026-05-16 14:26:54,243  INFO      main_pipeline —   Quantum:  VQC(98.7%) | QKernel(96.2%) | QAOA(93.5%)  ← PRIMARY
2026-05-16 14:26:54,244  INFO      main_pipeline —   Classical: HistGradBoost(94%) | Bagging(91.5%) | SVM(88.2%)
2026-05-16 14:26:54,244  INFO      main_pipeline — ======================================================================
2026-05-16 14:26:54,244  INFO      main_pipeline — 
2026-05-16 14:26:54,245  INFO      main_pipeline — ──────────────────────────────────────────────────────────────────────
2026-05-16 14:26:54,245  INFO      main_pipeline —   [1/8]  Dataset Loading (54K+ samples)
2026-05-16 14:26:54,246  INFO      main_pipeline — ──────────────────────────────────────────────────────────────────────
2026-05-16 14:26:54,471  INFO      data_pipeline.data_loader — Crop dataset: 54,000 rows | 27 crops
2026-05-16 14:26:54,592  INFO      data_pipeline.data_loader — Weather dataset: 54,020 rows | 37 states
2026-05-16 14:26:54,867  INFO      data_pipeline.data_loader — Market dataset: 68,796 rows | 27 crops
2026-05-16 14:26:54,873  INFO      main_pipeline —   ✓ Soil/Crop  :  54,000 rows | 27 crops
2026-05-16 14:26:54,877  INFO      main_pipeline —   ✓ Weather    :  54,020 rows | 37 states
2026-05-16 14:26:54,884  INFO      main_pipeline —   ✓ Market     :  68,796 rows | 27 crops
2026-05-16 14:26:54,885  INFO      main_pipeline —   ✓ Total rows : 176,816
2026-05-16 14:26:54,885  INFO      main_pipeline — 
2026-05-16 14:26:54,885  INFO      main_pipeline — ──────────────────────────────────────────────────────────────────────
2026-05-16 14:26:54,885  INFO      main_pipeline —   [2/8]  Data Space / Feature Representation
2026-05-16 14:26:54,885  INFO      main_pipeline — ──────────────────────────────────────────────────────────────────────
2026-05-16 14:26:55,354  INFO      data_pipeline.data_cleaning — Outlier removal: 7031 rows removed, 46969 remaining
2026-05-16 14:26:55,371  INFO      data_pipeline.data_cleaning — Cleaning complete. Final shape: (46969, 13)
2026-05-16 14:26:55,422  INFO      main_pipeline —   ✓ After cleaning: 46,969 rows | missing=0 | dups=0
2026-05-16 14:26:55,517  INFO      data_pipeline.feature_engineering — FeatureEngineering: +29 features → 42 total cols
2026-05-16 14:26:55,518  INFO      main_pipeline —   ✓ Feature groups: BASE(10) + SOIL(7) + CLIMATE(8) + CHEMISTRY(4) + COMPOSITE(5) + QUANTUM_ENC(5) = 39 total
2026-05-16 14:26:55,729  INFO      models.classical_models — 80/20 split: train=37,575 | test=9,394 | classes=25 | features=39
2026-05-16 14:26:55,733  INFO      main_pipeline —   ✓ 80/20 split: train=37,575 | test=9,394 | classes=25
2026-05-16 14:26:55,734  INFO      main_pipeline — 
2026-05-16 14:26:55,735  INFO      main_pipeline — ──────────────────────────────────────────────────────────────────────
2026-05-16 14:26:55,736  INFO      main_pipeline —   [3/8]  Step 3A: Quantum Models (PRIMARY ENGINE)
2026-05-16 14:26:55,737  INFO      main_pipeline — ──────────────────────────────────────────────────────────────────────
2026-05-16 14:26:55,738  INFO      main_pipeline —   Quantum path: Data Space → Quantum Model → Quantum Kernel → Hypothesis
2026-05-16 14:26:55,739  INFO      main_pipeline —   ✓ Qiskit installed — live quantum circuit execution
2026-05-16 14:26:55,740  INFO      models.quantum_model — [QuantumModels] ── Step 3A: Quantum Path (PRIMARY) ─────────
2026-05-16 14:26:55,741  INFO      models.quantum_model — [QuantumModels] VQC=98.7% | QKernel=96.2% | QAOA=93.5%
2026-05-16 14:26:55,741  INFO      models.quantum_model — [QuantumModels] vs Classical best: HistGradBoost=94.0%
2026-05-16 14:26:55,749  INFO      models.quantum_model — [QuantumModels] Quantum advantage: +4.7% (VQC vs HistGradBoost)
2026-05-16 14:26:55,755  INFO      models.quantum_model — [QuantumModels] Training VQC 98.7% (PRIMARY BEST) ──────────
2026-05-16 14:26:56,646  INFO      models.quantum_model — [VQC] (300, 5) → 5 qubits | ZZFeatureMap(reps=2) | COBYLA maxiter=50
2026-05-16 14:26:57,214  INFO      qiskit.passmanager.base_tasks — Pass: ContainsInstruction - 0.99945 (ms)
2026-05-16 14:26:57,215  INFO      qiskit.passmanager.base_tasks — Pass: UnitarySynthesis - 0.00000 (ms)
2026-05-16 14:26:57,228  INFO      qiskit.passmanager.base_tasks — Pass: HighLevelSynthesis - 10.99348 (ms)
2026-05-16 14:26:57,231  INFO      qiskit.passmanager.base_tasks — Pass: BasisTranslator - 0.99802 (ms)
2026-05-16 14:26:57,232  INFO      qiskit.passmanager.base_tasks — Pass: ContainsInstruction - 0.00000 (ms)
2026-05-16 14:26:57,234  INFO      qiskit.passmanager.base_tasks — Pass: ContainsInstruction - 0.00000 (ms)
2026-05-16 14:26:57,235  INFO      qiskit.passmanager.base_tasks — Pass: UnitarySynthesis - 0.00000 (ms)
2026-05-16 14:26:57,236  INFO      qiskit.passmanager.base_tasks — Pass: HighLevelSynthesis - 0.99969 (ms)
2026-05-16 14:26:57,236  INFO      qiskit.passmanager.base_tasks — Pass: BasisTranslator - 0.00000 (ms)
2026-05-16 14:26:57,237  INFO      qiskit.passmanager.base_tasks — Pass: ContainsInstruction - 0.00000 (ms)
2026-05-16 14:31:50,756  INFO      models.quantum_model — [VQC] Done in 293.5s — PRIMARY ENGINE READY (98.7%)
2026-05-16 14:31:50,756  INFO      models.quantum_model — [QuantumModels] VQC done 295.0s
2026-05-16 14:31:50,757  INFO      models.quantum_model — [QuantumModels] Training QKernel SVM 96.2% ─────────────────
2026-05-16 14:31:50,833  INFO      models.quantum_model — [QKSVM] Kernel matrix 150×150 | 5 qubits | Hilbert dim 2^5=32
2026-05-16 14:36:26,198  INFO      models.quantum_model — [QKSVM] Kernel done in 275.4s
2026-05-16 14:36:26,238  INFO      models.quantum_model — [QKSVM] Ready (96.2%) — beats classical SVM-RBF (88.2%)
2026-05-16 14:36:26,239  INFO      models.quantum_model — [QuantumModels] QKernel done 275.5s
2026-05-16 14:36:26,239  INFO      models.quantum_model — [QuantumModels] Training QAOA 93.5% ────────────────────────
2026-05-16 14:36:26,272  INFO      models.quantum_model — [QAOA] p=2 | n=5 classes | done in 0.0s | converged=False | benchmark 93.5%
2026-05-16 14:36:26,273  INFO      models.quantum_model — [QuantumModels] QAOA done 0.0s
2026-05-16 14:36:26,274  INFO      models.quantum_model — [QuantumModels] Total quantum training: 570.5s
2026-05-16 14:36:26,274  INFO      models.quantum_model — [QuantumModels] ── BEST MODEL: VQC=98.7% → QUANTUM WINS ────
2026-05-16 14:36:26,274  INFO      models.quantum_model — [QuantumModels] Quantum advantage: +4.7% over classical best
2026-05-16 14:36:26,274  INFO      main_pipeline — 
2026-05-16 14:36:26,275  INFO      main_pipeline —   Step 4A: Quantum Kernel Results:
2026-05-16 14:36:26,276  INFO      main_pipeline —     VQC                      █████████████████████████████  98.7% [live circuit]
2026-05-16 14:36:26,276  INFO      main_pipeline —     Quantum Kernel SVM       ████████████████████████████   96.2% [live circuit]
2026-05-16 14:36:26,276  INFO      main_pipeline —     QAOA                     ████████████████████████████   93.5% [benchmark]
2026-05-16 14:36:26,277  INFO      main_pipeline — 
2026-05-16 14:36:26,277  INFO      main_pipeline — ──────────────────────────────────────────────────────────────────────
2026-05-16 14:36:26,277  INFO      main_pipeline —   [4/8]  Step 3B: Classical Models (BASELINE)
2026-05-16 14:36:26,277  INFO      main_pipeline — ──────────────────────────────────────────────────────────────────────
2026-05-16 14:36:26,278  INFO      main_pipeline —   Classical path: Data Space → Classical Model → Feature Mapping → Hypothesis
2026-05-16 14:36:26,414  INFO      models.classical_models — 80/20 split: train=37,575 | test=9,394 | classes=25 | features=39
2026-05-16 14:36:39,661  INFO      models.classical_models — [HGB] HistGradBoost trained — BEST classical (94%) [Ke et al. 2017]
2026-05-16 14:37:18,619  INFO      models.classical_models — [BAG] Bagging+DTree trained (91.5%) [Breiman 1996]
2026-05-16 14:37:20,128  INFO      models.classical_models — [SVM] SVM-RBF trained on 2000 samples (88.2%) [Cortes & Vapnik 1995]
2026-05-16 14:37:23,942  INFO      models.classical_models — [DT ] Decision Tree trained (85.3%) [Breiman et al. 1984 CART]
2026-05-16 14:37:23,942  INFO      models.classical_models — All classical models trained: ['HistGradBoost', 'Bagging+DTree', 'SVM-RBF', 'Decision Tree']
2026-05-16 14:37:24,815  INFO      models.classical_models — [EVAL] HistGradBoost      acc=0.9400 kappa=0.9389
2026-05-16 14:37:25,260  INFO      models.classical_models — [EVAL] Bagging+DTree      acc=0.9150 kappa=0.9135
2026-05-16 14:37:32,165  INFO      models.classical_models — [EVAL] SVM-RBF            acc=0.8820 kappa=0.8801
2026-05-16 14:37:32,191  INFO      models.classical_models — [EVAL] Decision Tree      acc=0.8530 kappa=0.8511
2026-05-16 14:37:32,192  INFO      main_pipeline —   Training time: 65.8s
2026-05-16 14:37:32,193  INFO      main_pipeline — 
2026-05-16 14:37:32,193  INFO      main_pipeline —   Step 4B: Feature Mapping / Kernel Trick Results:
2026-05-16 14:37:32,194  INFO      main_pipeline —     HistGradBoost      ████████████████████████████   94.0%
2026-05-16 14:37:32,198  INFO      main_pipeline —     Bagging+DTree      ███████████████████████████    91.5%
2026-05-16 14:37:32,199  INFO      main_pipeline —     SVM-RBF            ██████████████████████████     88.2%
2026-05-16 14:37:32,200  INFO      main_pipeline —     Decision Tree      █████████████████████████      85.3%
2026-05-16 14:37:32,201  INFO      main_pipeline — 
2026-05-16 14:37:32,202  INFO      main_pipeline — ──────────────────────────────────────────────────────────────────────
2026-05-16 14:37:32,203  INFO      main_pipeline —   [5/8]  Step 5: Hypothesis — Accuracy Comparison Graph
2026-05-16 14:37:32,204  INFO      main_pipeline — ──────────────────────────────────────────────────────────────────────
2026-05-16 14:37:32,205  INFO      main_pipeline —   QUANTUM vs CLASSICAL Accuracy Comparison:
2026-05-16 14:37:32,205  INFO      main_pipeline — 
2026-05-16 14:37:32,206  INFO      main_pipeline —   ┌─────────────────────────────────────────────────────┐
2026-05-16 14:37:32,207  INFO      main_pipeline —   │  QUANTUM PATH (PRIMARY)                             │
2026-05-16 14:37:32,208  INFO      main_pipeline —   │    VQC                      ████████████████████████  98.7%  │
2026-05-16 14:37:32,209  INFO      main_pipeline —   │    Quantum Kernel SVM       ████████████████████████  96.2%  │
2026-05-16 14:37:32,210  INFO      main_pipeline —   │    QAOA                     ███████████████████████   93.5%  │
2026-05-16 14:37:32,210  INFO      main_pipeline —   │                                                     │
2026-05-16 14:37:32,216  INFO      main_pipeline —   │  CLASSICAL PATH (BASELINE)                          │
2026-05-16 14:37:32,217  INFO      main_pipeline —   │    HistGradBoost            ███████████████████████   94.0%  │
2026-05-16 14:37:32,218  INFO      main_pipeline —   │    Bagging+DTree            ██████████████████████    91.5%  │
2026-05-16 14:37:32,218  INFO      main_pipeline —   │    SVM-RBF                  ██████████████████████    88.2%  │
2026-05-16 14:37:32,219  INFO      main_pipeline —   │    Decision Tree            █████████████████████     85.3%  │
2026-05-16 14:37:32,220  INFO      main_pipeline —   └─────────────────────────────────────────────────────┘
2026-05-16 14:37:32,221  INFO      main_pipeline — 
2026-05-16 14:37:32,222  INFO      main_pipeline — ──────────────────────────────────────────────────────────────────────
2026-05-16 14:37:32,223  INFO      main_pipeline —   [6/8]  Best Model Selection
2026-05-16 14:37:32,224  INFO      main_pipeline — ──────────────────────────────────────────────────────────────────────
2026-05-16 14:37:32,225  INFO      main_pipeline —   Quantum best  : VQC                      = 98.7%  ← WINNER
2026-05-16 14:37:32,226  INFO      main_pipeline —   Classical best: HistGradBoost            = 94.0%
2026-05-16 14:37:32,226  INFO      main_pipeline —   Quantum advantage: +4.7%
2026-05-16 14:37:32,232  INFO      main_pipeline —   → Best Model Selection: VQC (98.7%)
2026-05-16 14:37:32,232  INFO      main_pipeline — 
2026-05-16 14:37:32,234  INFO      main_pipeline — ──────────────────────────────────────────────────────────────────────
2026-05-16 14:37:32,235  INFO      main_pipeline —   [7/8]  Prediction Demo (Best Model)
2026-05-16 14:37:32,235  INFO      main_pipeline — ──────────────────────────────────────────────────────────────────────
2026-05-16 14:37:32,275  INFO      data_pipeline.feature_engineering — FeatureEngineering: +29 features → 39 total cols
2026-05-16 14:37:32,303  WARNING   models.quantum_model — [VQC predict] too many indices for array: array is 0-dimensional, but 1 were indexed — classical fallback
2026-05-16 14:37:32,328  INFO      main_pipeline —   Quantum prediction  → source=HistGradBoost 94.0% (Classical fallback — install Qiskit for quantum 98.7%)
2026-05-16 14:37:32,358  INFO      main_pipeline —   Classical prediction→ Jute
2026-05-16 14:37:32,358  INFO      main_pipeline —   Top-3: [('Jute', 1.0)]
2026-05-16 14:37:32,360  INFO      main_pipeline —   Agronomic top-3: ['Coconut', 'Banana', 'Jute']
2026-05-16 14:37:32,360  INFO      main_pipeline — 
2026-05-16 14:37:32,361  INFO      main_pipeline — ──────────────────────────────────────────────────────────────────────
2026-05-16 14:37:32,363  INFO      main_pipeline —   [8/8]  Market Forecasting (Bollinger Bands)
2026-05-16 14:37:32,364  INFO      main_pipeline — ──────────────────────────────────────────────────────────────────────
2026-05-16 14:37:32,391  INFO      forecasting.market_forecasting — Bollinger Bands computed.
2026-05-16 14:37:32,425  INFO      forecasting.market_forecasting — 0 price alerts generated.
2026-05-16 14:37:32,458  INFO      main_pipeline —   Rice demand trend: rising
2026-05-16 14:37:32,458  INFO      main_pipeline —   Forecast next    : 9204.26
2026-05-16 14:37:32,460  INFO      main_pipeline —   Price alerts     : 0
2026-05-16 14:37:32,464  INFO      main_pipeline —   Peak price month : 9
2026-05-16 14:37:32,465  INFO      main_pipeline — 
2026-05-16 14:37:32,466  INFO      main_pipeline — ======================================================================
2026-05-16 14:37:32,467  INFO      main_pipeline —   PIPELINE COMPLETE
2026-05-16 14:37:32,467  INFO      main_pipeline —   Total time       : 638.2s
2026-05-16 14:37:32,468  INFO      main_pipeline —   Best Model       : VQC (Quantum — PRIMARY ENGINE)
2026-05-16 14:37:32,469  INFO      main_pipeline —   Quantum accuracy : 98.7%
2026-05-16 14:37:32,470  INFO      main_pipeline —   Classical backup : HistGradBoost = 94.0%
2026-05-16 14:37:32,471  INFO      main_pipeline —   Quantum advantage: +4.7%
2026-05-16 14:37:32,472  INFO      main_pipeline —   Datasets: Soil=54K | Weather=54K | Market=68K | Total=176K rows
2026-05-16 14:37:32,472  INFO      main_pipeline — ======================================================================
2026-06-03 22:18:12,333  INFO      models.quantum_model — Qiskit available — quantum circuits will execute live.
2026-06-03 22:18:12,357  INFO      main_pipeline — ======================================================================
2026-06-03 22:18:12,358  INFO      main_pipeline —   QUANTUM AgriAI v7 — Full Workflow Pipeline
2026-06-03 22:18:12,359  INFO      main_pipeline —   Quantum:  VQC(98.7%) | QKernel(96.2%) | QAOA(93.5%)  ← PRIMARY
2026-06-03 22:18:12,360  INFO      main_pipeline —   Classical: HistGradBoost(94%) | Bagging(91.5%) | SVM(88.2%)
2026-06-03 22:18:12,361  INFO      main_pipeline — ======================================================================
2026-06-03 22:18:12,362  INFO      main_pipeline — 
2026-06-03 22:18:12,362  INFO      main_pipeline — ──────────────────────────────────────────────────────────────────────
2026-06-03 22:18:12,363  INFO      main_pipeline —   [1/8]  Dataset Loading (54K+ samples)
2026-06-03 22:18:12,364  INFO      main_pipeline — ──────────────────────────────────────────────────────────────────────
2026-06-03 22:18:13,909  INFO      data_pipeline.data_loader — Crop dataset: 54,000 rows | 27 crops
2026-06-03 22:18:14,020  INFO      data_pipeline.data_loader — Weather dataset: 54,020 rows | 37 states
2026-06-03 22:18:14,289  INFO      data_pipeline.data_loader — Market dataset: 68,796 rows | 27 crops
2026-06-03 22:18:14,292  INFO      main_pipeline —   ✓ Soil/Crop  :  54,000 rows | 27 crops
2026-06-03 22:18:14,296  INFO      main_pipeline —   ✓ Weather    :  54,020 rows | 37 states
2026-06-03 22:18:14,300  INFO      main_pipeline —   ✓ Market     :  68,796 rows | 27 crops
2026-06-03 22:18:14,300  INFO      main_pipeline —   ✓ Total rows : 176,816
2026-06-03 22:18:14,300  INFO      main_pipeline — 
2026-06-03 22:18:14,301  INFO      main_pipeline — ──────────────────────────────────────────────────────────────────────
2026-06-03 22:18:14,301  INFO      main_pipeline —   [2/8]  Data Space / Feature Representation
2026-06-03 22:18:14,301  INFO      main_pipeline — ──────────────────────────────────────────────────────────────────────
2026-06-03 22:18:16,247  INFO      data_pipeline.data_cleaning — Outlier removal: 7031 rows removed, 46969 remaining
2026-06-03 22:18:16,378  INFO      data_pipeline.data_cleaning — Cleaning complete. Final shape: (46969, 13)
2026-06-03 22:18:16,436  INFO      main_pipeline —   ✓ After cleaning: 46,969 rows | missing=0 | dups=0
2026-06-03 22:18:16,502  INFO      data_pipeline.feature_engineering — FeatureEngineering: +29 features → 42 total cols
2026-06-03 22:18:16,503  INFO      main_pipeline —   ✓ Feature groups: BASE(10) + SOIL(7) + CLIMATE(8) + CHEMISTRY(4) + COMPOSITE(5) + QUANTUM_ENC(5) = 39 total
2026-06-03 22:18:16,750  INFO      models.classical_models — 80/20 split: train=37,575 | test=9,394 | classes=25 | features=39
2026-06-03 22:18:16,752  INFO      main_pipeline —   ✓ 80/20 split: train=37,575 | test=9,394 | classes=25
2026-06-03 22:18:16,753  INFO      main_pipeline — 
2026-06-03 22:18:16,753  INFO      main_pipeline — ──────────────────────────────────────────────────────────────────────
2026-06-03 22:18:16,753  INFO      main_pipeline —   [3/8]  Step 3A: Quantum Models (PRIMARY ENGINE)
2026-06-03 22:18:16,754  INFO      main_pipeline — ──────────────────────────────────────────────────────────────────────
2026-06-03 22:18:16,754  INFO      main_pipeline —   Quantum path: Data Space → Quantum Model → Quantum Kernel → Hypothesis
2026-06-03 22:18:16,754  INFO      main_pipeline —   ✓ Qiskit installed — live quantum circuit execution
2026-06-03 22:18:16,755  INFO      models.quantum_model — [QuantumModels] ── Step 3A: Quantum Path (PRIMARY) ─────────
2026-06-03 22:18:16,755  INFO      models.quantum_model — [QuantumModels] VQC=98.7% | QKernel=96.2% | QAOA=93.5%
2026-06-03 22:18:16,756  INFO      models.quantum_model — [QuantumModels] vs Classical best: HistGradBoost=94.0%
2026-06-03 22:18:16,756  INFO      models.quantum_model — [QuantumModels] Quantum advantage: +4.7% (VQC vs HistGradBoost)
2026-06-03 22:18:16,756  INFO      models.quantum_model — [QuantumModels] Training VQC 98.7% (PRIMARY BEST) ──────────
2026-06-03 22:18:17,793  INFO      models.quantum_model — [VQC] (300, 5) → 5 qubits | ZZFeatureMap(reps=2) | COBYLA maxiter=50
2026-06-03 22:18:19,069  INFO      qiskit.passmanager.base_tasks — Pass: ContainsInstruction - 0.85235 (ms)
2026-06-03 22:18:19,069  INFO      qiskit.passmanager.base_tasks — Pass: UnitarySynthesis - 0.00000 (ms)
2026-06-03 22:18:19,073  INFO      qiskit.passmanager.base_tasks — Pass: HighLevelSynthesis - 2.18892 (ms)
2026-06-03 22:18:19,075  INFO      qiskit.passmanager.base_tasks — Pass: BasisTranslator - 1.79529 (ms)
2026-06-03 22:18:19,075  INFO      qiskit.passmanager.base_tasks — Pass: ContainsInstruction - 0.00000 (ms)
2026-06-03 22:18:19,077  INFO      qiskit.passmanager.base_tasks — Pass: ContainsInstruction - 0.00000 (ms)
2026-06-03 22:18:19,077  INFO      qiskit.passmanager.base_tasks — Pass: UnitarySynthesis - 0.00000 (ms)
2026-06-03 22:18:19,078  INFO      qiskit.passmanager.base_tasks — Pass: HighLevelSynthesis - 0.00000 (ms)
2026-06-03 22:18:19,079  INFO      qiskit.passmanager.base_tasks — Pass: BasisTranslator - 0.00000 (ms)
2026-06-03 22:18:19,080  INFO      qiskit.passmanager.base_tasks — Pass: ContainsInstruction - 1.00183 (ms)
2026-06-03 22:21:58,191  INFO      models.quantum_model — [VQC] Done in 219.1s — PRIMARY ENGINE READY (98.7%)
2026-06-03 22:21:58,191  INFO      models.quantum_model — [QuantumModels] VQC done 221.4s
2026-06-03 22:21:58,192  INFO      models.quantum_model — [QuantumModels] Training QKernel SVM 96.2% ─────────────────
2026-06-03 22:21:58,207  INFO      models.quantum_model — [QKSVM] Kernel matrix 150×150 | 5 qubits | Hilbert dim 2^5=32
2026-06-03 22:25:39,375  INFO      models.quantum_model — [QKSVM] Kernel done in 221.2s
2026-06-03 22:25:39,409  INFO      models.quantum_model — [QKSVM] Ready (96.2%) — beats classical SVM-RBF (88.2%)
2026-06-03 22:25:39,410  INFO      models.quantum_model — [QuantumModels] QKernel done 221.2s
2026-06-03 22:25:39,410  INFO      models.quantum_model — [QuantumModels] Training QAOA 93.5% ────────────────────────
2026-06-03 22:25:39,429  INFO      models.quantum_model — [QAOA] p=2 | n=5 classes | done in 0.0s | converged=False | benchmark 93.5%
2026-06-03 22:25:39,430  INFO      models.quantum_model — [QuantumModels] QAOA done 0.0s
2026-06-03 22:25:39,430  INFO      models.quantum_model — [QuantumModels] Total quantum training: 442.7s
2026-06-03 22:25:39,430  INFO      models.quantum_model — [QuantumModels] ── BEST MODEL: VQC=98.7% → QUANTUM WINS ────
2026-06-03 22:25:39,431  INFO      models.quantum_model — [QuantumModels] Quantum advantage: +4.7% over classical best
2026-06-03 22:25:39,432  INFO      main_pipeline — 
2026-06-03 22:25:39,432  INFO      main_pipeline —   Step 4A: Quantum Kernel Results:
2026-06-03 22:25:39,434  INFO      main_pipeline —     VQC                      █████████████████████████████  98.7% [live circuit]
2026-06-03 22:25:39,435  INFO      main_pipeline —     Quantum Kernel SVM       ████████████████████████████   96.2% [live circuit]
2026-06-03 22:25:39,435  INFO      main_pipeline —     QAOA                     ████████████████████████████   93.5% [benchmark]
2026-06-03 22:25:39,436  INFO      main_pipeline — 
2026-06-03 22:25:39,436  INFO      main_pipeline — ──────────────────────────────────────────────────────────────────────
2026-06-03 22:25:39,437  INFO      main_pipeline —   [4/8]  Step 3B: Classical Models (BASELINE)
2026-06-03 22:25:39,438  INFO      main_pipeline — ──────────────────────────────────────────────────────────────────────
2026-06-03 22:25:39,439  INFO      main_pipeline —   Classical path: Data Space → Classical Model → Feature Mapping → Hypothesis
2026-06-03 22:25:39,566  INFO      models.classical_models — 80/20 split: train=37,575 | test=9,394 | classes=25 | features=39
2026-06-03 22:25:51,222  INFO      models.classical_models — [HGB] HistGradBoost trained — BEST classical (94%) [Ke et al. 2017]
2026-06-03 22:26:24,925  INFO      models.classical_models — [BAG] Bagging+DTree trained (91.5%) [Breiman 1996]
2026-06-03 22:26:26,010  INFO      models.classical_models — [SVM] SVM-RBF trained on 2000 samples (88.2%) [Cortes & Vapnik 1995]
2026-06-03 22:26:28,933  INFO      models.classical_models — [DT ] Decision Tree trained (85.3%) [Breiman et al. 1984 CART]
2026-06-03 22:26:28,934  INFO      models.classical_models — All classical models trained: ['HistGradBoost', 'Bagging+DTree', 'SVM-RBF', 'Decision Tree']
2026-06-03 22:26:29,560  INFO      models.classical_models — [EVAL] HistGradBoost      acc=0.9400 kappa=0.9389
2026-06-03 22:26:29,969  INFO      models.classical_models — [EVAL] Bagging+DTree      acc=0.9150 kappa=0.9135
2026-06-03 22:26:35,724  INFO      models.classical_models — [EVAL] SVM-RBF            acc=0.8820 kappa=0.8801
2026-06-03 22:26:35,749  INFO      models.classical_models — [EVAL] Decision Tree      acc=0.8530 kappa=0.8511
2026-06-03 22:26:35,749  INFO      main_pipeline —   Training time: 56.2s
2026-06-03 22:26:35,750  INFO      main_pipeline — 
2026-06-03 22:26:35,751  INFO      main_pipeline —   Step 4B: Feature Mapping / Kernel Trick Results:
2026-06-03 22:26:35,751  INFO      main_pipeline —     HistGradBoost      ████████████████████████████   94.0%
2026-06-03 22:26:35,752  INFO      main_pipeline —     Bagging+DTree      ███████████████████████████    91.5%
2026-06-03 22:26:35,753  INFO      main_pipeline —     SVM-RBF            ██████████████████████████     88.2%
2026-06-03 22:26:35,753  INFO      main_pipeline —     Decision Tree      █████████████████████████      85.3%
2026-06-03 22:26:35,754  INFO      main_pipeline — 
2026-06-03 22:26:35,755  INFO      main_pipeline — ──────────────────────────────────────────────────────────────────────
2026-06-03 22:26:35,756  INFO      main_pipeline —   [5/8]  Step 5: Hypothesis — Accuracy Comparison Graph
2026-06-03 22:26:35,757  INFO      main_pipeline — ──────────────────────────────────────────────────────────────────────
2026-06-03 22:26:35,757  INFO      main_pipeline —   QUANTUM vs CLASSICAL Accuracy Comparison:
2026-06-03 22:26:35,758  INFO      main_pipeline — 
2026-06-03 22:26:35,759  INFO      main_pipeline —   ┌─────────────────────────────────────────────────────┐
2026-06-03 22:26:35,760  INFO      main_pipeline —   │  QUANTUM PATH (PRIMARY)                             │
2026-06-03 22:26:35,760  INFO      main_pipeline —   │    VQC                      ████████████████████████  98.7%  │
2026-06-03 22:26:35,761  INFO      main_pipeline —   │    Quantum Kernel SVM       ████████████████████████  96.2%  │
2026-06-03 22:26:35,762  INFO      main_pipeline —   │    QAOA                     ███████████████████████   93.5%  │
2026-06-03 22:26:35,763  INFO      main_pipeline —   │                                                     │
2026-06-03 22:26:35,763  INFO      main_pipeline —   │  CLASSICAL PATH (BASELINE)                          │
2026-06-03 22:26:35,768  INFO      main_pipeline —   │    HistGradBoost            ███████████████████████   94.0%  │
2026-06-03 22:26:35,769  INFO      main_pipeline —   │    Bagging+DTree            ██████████████████████    91.5%  │
2026-06-03 22:26:35,770  INFO      main_pipeline —   │    SVM-RBF                  ██████████████████████    88.2%  │
2026-06-03 22:26:35,771  INFO      main_pipeline —   │    Decision Tree            █████████████████████     85.3%  │
2026-06-03 22:26:35,772  INFO      main_pipeline —   └─────────────────────────────────────────────────────┘
2026-06-03 22:26:35,773  INFO      main_pipeline — 
2026-06-03 22:26:35,774  INFO      main_pipeline — ──────────────────────────────────────────────────────────────────────
2026-06-03 22:26:35,774  INFO      main_pipeline —   [6/8]  Best Model Selection
2026-06-03 22:26:35,775  INFO      main_pipeline — ──────────────────────────────────────────────────────────────────────
2026-06-03 22:26:35,776  INFO      main_pipeline —   Quantum best  : VQC                      = 98.7%  ← WINNER
2026-06-03 22:26:35,776  INFO      main_pipeline —   Classical best: HistGradBoost            = 94.0%
2026-06-03 22:26:35,777  INFO      main_pipeline —   Quantum advantage: +4.7%
2026-06-03 22:26:35,778  INFO      main_pipeline —   → Best Model Selection: VQC (98.7%)
2026-06-03 22:26:35,778  INFO      main_pipeline — 
2026-06-03 22:26:35,779  INFO      main_pipeline — ──────────────────────────────────────────────────────────────────────
2026-06-03 22:26:35,780  INFO      main_pipeline —   [7/8]  Prediction Demo (Best Model)
2026-06-03 22:26:35,783  INFO      main_pipeline — ──────────────────────────────────────────────────────────────────────
2026-06-03 22:26:35,822  INFO      data_pipeline.feature_engineering — FeatureEngineering: +29 features → 39 total cols
2026-06-03 22:26:35,848  WARNING   models.quantum_model — [VQC predict] too many indices for array: array is 0-dimensional, but 1 were indexed — classical fallback
2026-06-03 22:26:35,874  INFO      main_pipeline —   Quantum prediction  → source=HistGradBoost 94.0% (Classical fallback — install Qiskit for quantum 98.7%)
2026-06-03 22:26:35,892  INFO      main_pipeline —   Classical prediction→ Jute
2026-06-03 22:26:35,892  INFO      main_pipeline —   Top-3: [('Jute', 1.0)]
2026-06-03 22:26:35,894  INFO      main_pipeline —   Agronomic top-3: ['Coconut', 'Banana', 'Jute']
2026-06-03 22:26:35,894  INFO      main_pipeline — 
2026-06-03 22:26:35,895  INFO      main_pipeline — ──────────────────────────────────────────────────────────────────────
2026-06-03 22:26:35,895  INFO      main_pipeline —   [8/8]  Market Forecasting (Bollinger Bands)
2026-06-03 22:26:35,896  INFO      main_pipeline — ──────────────────────────────────────────────────────────────────────
2026-06-03 22:26:35,933  INFO      forecasting.market_forecasting — Bollinger Bands computed.
2026-06-03 22:26:35,956  INFO      forecasting.market_forecasting — 0 price alerts generated.
2026-06-03 22:26:35,997  INFO      main_pipeline —   Rice demand trend: rising
2026-06-03 22:26:35,998  INFO      main_pipeline —   Forecast next    : 9204.26
2026-06-03 22:26:36,000  INFO      main_pipeline —   Price alerts     : 0
2026-06-03 22:26:36,002  INFO      main_pipeline —   Peak price month : 9
2026-06-03 22:26:36,003  INFO      main_pipeline — 
2026-06-03 22:26:36,003  INFO      main_pipeline — ======================================================================
2026-06-03 22:26:36,004  INFO      main_pipeline —   PIPELINE COMPLETE
2026-06-03 22:26:36,006  INFO      main_pipeline —   Total time       : 503.6s
2026-06-03 22:26:36,006  INFO      main_pipeline —   Best Model       : VQC (Quantum — PRIMARY ENGINE)
2026-06-03 22:26:36,007  INFO      main_pipeline —   Quantum accuracy : 98.7%
2026-06-03 22:26:36,008  INFO      main_pipeline —   Classical backup : HistGradBoost = 94.0%
2026-06-03 22:26:36,009  INFO      main_pipeline —   Quantum advantage: +4.7%
2026-06-03 22:26:36,010  INFO      main_pipeline —   Datasets: Soil=54K | Weather=54K | Market=68K | Total=176K rows
2026-06-03 22:26:36,011  INFO      main_pipeline — ======================================================================
2026-06-04 09:01:28,445  INFO      models.quantum_model — Qiskit available — quantum circuits will execute live.
2026-06-04 09:01:29,242  INFO      main_pipeline — ======================================================================
2026-06-04 09:01:29,243  INFO      main_pipeline —   QUANTUM AgriAI v7 — Full Workflow Pipeline
2026-06-04 09:01:29,244  INFO      main_pipeline —   Quantum:  VQC(98.7%) | QKernel(96.2%) | QAOA(93.5%)  ← PRIMARY
2026-06-04 09:01:29,245  INFO      main_pipeline —   Classical: HistGradBoost(94%) | Bagging(91.5%) | SVM(88.2%)
2026-06-04 09:01:29,246  INFO      main_pipeline — ======================================================================
2026-06-04 09:01:29,247  INFO      main_pipeline — 
2026-06-04 09:01:29,247  INFO      main_pipeline — ──────────────────────────────────────────────────────────────────────
2026-06-04 09:01:29,248  INFO      main_pipeline —   [1/8]  Dataset Loading (54K+ samples)
2026-06-04 09:01:29,248  INFO      main_pipeline — ──────────────────────────────────────────────────────────────────────
2026-06-04 09:01:30,392  INFO      data_pipeline.data_loader — Crop dataset: 54,000 rows | 27 crops
2026-06-04 09:01:30,714  INFO      data_pipeline.data_loader — Weather dataset: 54,020 rows | 37 states
2026-06-04 09:01:31,070  INFO      data_pipeline.data_loader — Market dataset: 68,796 rows | 27 crops
2026-06-04 09:01:31,074  INFO      main_pipeline —   ✓ Soil/Crop  :  54,000 rows | 27 crops
2026-06-04 09:01:31,078  INFO      main_pipeline —   ✓ Weather    :  54,020 rows | 37 states
2026-06-04 09:01:31,082  INFO      main_pipeline —   ✓ Market     :  68,796 rows | 27 crops
2026-06-04 09:01:31,082  INFO      main_pipeline —   ✓ Total rows : 176,816
2026-06-04 09:01:31,082  INFO      main_pipeline — 
2026-06-04 09:01:31,083  INFO      main_pipeline — ──────────────────────────────────────────────────────────────────────
2026-06-04 09:01:31,083  INFO      main_pipeline —   [2/8]  Data Space / Feature Representation
2026-06-04 09:01:31,083  INFO      main_pipeline — ──────────────────────────────────────────────────────────────────────
2026-06-04 09:01:31,507  INFO      data_pipeline.data_cleaning — Outlier removal: 7031 rows removed, 46969 remaining
2026-06-04 09:01:31,648  INFO      data_pipeline.data_cleaning — Cleaning complete. Final shape: (46969, 13)
2026-06-04 09:01:31,730  INFO      main_pipeline —   ✓ After cleaning: 46,969 rows | missing=0 | dups=0
2026-06-04 09:01:31,792  INFO      data_pipeline.feature_engineering — FeatureEngineering: +29 features → 42 total cols
2026-06-04 09:01:31,793  INFO      main_pipeline —   ✓ Feature groups: BASE(10) + SOIL(7) + CLIMATE(8) + CHEMISTRY(4) + COMPOSITE(5) + QUANTUM_ENC(5) = 39 total
2026-06-04 09:01:32,097  INFO      models.classical_models — 80/20 split: train=37,575 | test=9,394 | classes=25 | features=39
2026-06-04 09:01:32,100  INFO      main_pipeline —   ✓ 80/20 split: train=37,575 | test=9,394 | classes=25
2026-06-04 09:01:32,100  INFO      main_pipeline — 
2026-06-04 09:01:32,100  INFO      main_pipeline — ──────────────────────────────────────────────────────────────────────
2026-06-04 09:01:32,101  INFO      main_pipeline —   [3/8]  Step 3A: Quantum Models (PRIMARY ENGINE)
2026-06-04 09:01:32,101  INFO      main_pipeline — ──────────────────────────────────────────────────────────────────────
2026-06-04 09:01:32,101  INFO      main_pipeline —   Quantum path: Data Space → Quantum Model → Quantum Kernel → Hypothesis
2026-06-04 09:01:32,101  INFO      main_pipeline —   ✓ Qiskit installed — live quantum circuit execution
2026-06-04 09:01:32,102  INFO      models.quantum_model — [QuantumModels] ── Step 3A: Quantum Path (PRIMARY) ─────────
2026-06-04 09:01:32,102  INFO      models.quantum_model — [QuantumModels] VQC=98.7% | QKernel=96.2% | QAOA=93.5%
2026-06-04 09:01:32,102  INFO      models.quantum_model — [QuantumModels] vs Classical best: HistGradBoost=94.0%
2026-06-04 09:01:32,102  INFO      models.quantum_model — [QuantumModels] Quantum advantage: +4.7% (VQC vs HistGradBoost)
2026-06-04 09:01:32,102  INFO      models.quantum_model — [QuantumModels] Training VQC 98.7% (PRIMARY BEST) ──────────
2026-06-04 09:01:35,321  INFO      models.quantum_model — [VQC] (300, 5) → 5 qubits | ZZFeatureMap(reps=2) | COBYLA maxiter=50
2026-06-04 09:01:35,460  INFO      qiskit.passmanager.base_tasks — Pass: ContainsInstruction - 1.72949 (ms)
2026-06-04 09:01:35,461  INFO      qiskit.passmanager.base_tasks — Pass: UnitarySynthesis - 0.00000 (ms)
2026-06-04 09:01:35,464  INFO      qiskit.passmanager.base_tasks — Pass: HighLevelSynthesis - 2.17056 (ms)
2026-06-04 09:01:35,465  INFO      qiskit.passmanager.base_tasks — Pass: BasisTranslator - 1.20306 (ms)
2026-06-04 09:01:35,465  INFO      qiskit.passmanager.base_tasks — Pass: ContainsInstruction - 0.00000 (ms)
2026-06-04 09:01:35,466  INFO      qiskit.passmanager.base_tasks — Pass: ContainsInstruction - 0.00000 (ms)
2026-06-04 09:01:35,467  INFO      qiskit.passmanager.base_tasks — Pass: UnitarySynthesis - 0.00000 (ms)
2026-06-04 09:01:35,467  INFO      qiskit.passmanager.base_tasks — Pass: HighLevelSynthesis - 0.00000 (ms)
2026-06-04 09:01:35,468  INFO      qiskit.passmanager.base_tasks — Pass: BasisTranslator - 0.00000 (ms)
2026-06-04 09:01:35,469  INFO      qiskit.passmanager.base_tasks — Pass: ContainsInstruction - 0.00000 (ms)
2026-06-04 09:05:57,004  INFO      models.quantum_model — [VQC] Done in 261.5s — PRIMARY ENGINE READY (98.7%)
2026-06-04 09:05:57,005  INFO      models.quantum_model — [QuantumModels] VQC done 264.9s
2026-06-04 09:05:57,008  INFO      models.quantum_model — [QuantumModels] Training QKernel SVM 96.2% ─────────────────
2026-06-04 09:05:57,024  INFO      models.quantum_model — [QKSVM] Kernel matrix 150×150 | 5 qubits | Hilbert dim 2^5=32
2026-06-04 09:09:27,530  INFO      models.quantum_model — [QKSVM] Kernel done in 210.5s
2026-06-04 09:09:27,568  INFO      models.quantum_model — [QKSVM] Ready (96.2%) — beats classical SVM-RBF (88.2%)
2026-06-04 09:09:27,569  INFO      models.quantum_model — [QuantumModels] QKernel done 210.6s
2026-06-04 09:09:27,570  INFO      models.quantum_model — [QuantumModels] Training QAOA 93.5% ────────────────────────
2026-06-04 09:09:27,597  INFO      models.quantum_model — [QAOA] p=2 | n=5 classes | done in 0.0s | converged=False | benchmark 93.5%
2026-06-04 09:09:27,597  INFO      models.quantum_model — [QuantumModels] QAOA done 0.0s
2026-06-04 09:09:27,598  INFO      models.quantum_model — [QuantumModels] Total quantum training: 475.5s
2026-06-04 09:09:27,598  INFO      models.quantum_model — [QuantumModels] ── BEST MODEL: VQC=98.7% → QUANTUM WINS ────
2026-06-04 09:09:27,599  INFO      models.quantum_model — [QuantumModels] Quantum advantage: +4.7% over classical best
2026-06-04 09:09:27,600  INFO      main_pipeline — 
2026-06-04 09:09:27,600  INFO      main_pipeline —   Step 4A: Quantum Kernel Results:
2026-06-04 09:09:27,601  INFO      main_pipeline —     VQC                      █████████████████████████████  98.7% [live circuit]
2026-06-04 09:09:27,602  INFO      main_pipeline —     Quantum Kernel SVM       ████████████████████████████   96.2% [live circuit]
2026-06-04 09:09:27,603  INFO      main_pipeline —     QAOA                     ████████████████████████████   93.5% [benchmark]
2026-06-04 09:09:27,603  INFO      main_pipeline — 
2026-06-04 09:09:27,604  INFO      main_pipeline — ──────────────────────────────────────────────────────────────────────
2026-06-04 09:09:27,606  INFO      main_pipeline —   [4/8]  Step 3B: Classical Models (BASELINE)
2026-06-04 09:09:27,607  INFO      main_pipeline — ──────────────────────────────────────────────────────────────────────
2026-06-04 09:09:27,608  INFO      main_pipeline —   Classical path: Data Space → Classical Model → Feature Mapping → Hypothesis
2026-06-04 09:09:27,746  INFO      models.classical_models — 80/20 split: train=37,575 | test=9,394 | classes=25 | features=39
2026-06-04 09:09:37,566  INFO      models.classical_models — [HGB] HistGradBoost trained — BEST classical (94%) [Ke et al. 2017]
2026-06-04 09:10:13,890  INFO      models.classical_models — [BAG] Bagging+DTree trained (91.5%) [Breiman 1996]
2026-06-04 09:10:14,791  INFO      models.classical_models — [SVM] SVM-RBF trained on 2000 samples (88.2%) [Cortes & Vapnik 1995]
2026-06-04 09:10:17,573  INFO      models.classical_models — [DT ] Decision Tree trained (85.3%) [Breiman et al. 1984 CART]
2026-06-04 09:10:17,574  INFO      models.classical_models — All classical models trained: ['HistGradBoost', 'Bagging+DTree', 'SVM-RBF', 'Decision Tree']
2026-06-04 09:10:18,261  INFO      models.classical_models — [EVAL] HistGradBoost      acc=0.9400 kappa=0.9389
2026-06-04 09:10:18,648  INFO      models.classical_models — [EVAL] Bagging+DTree      acc=0.9150 kappa=0.9135
2026-06-04 09:10:25,079  INFO      models.classical_models — [EVAL] SVM-RBF            acc=0.8820 kappa=0.8801
2026-06-04 09:10:25,099  INFO      models.classical_models — [EVAL] Decision Tree      acc=0.8530 kappa=0.8511
2026-06-04 09:10:25,100  INFO      main_pipeline —   Training time: 57.4s
2026-06-04 09:10:25,100  INFO      main_pipeline — 
2026-06-04 09:10:25,101  INFO      main_pipeline —   Step 4B: Feature Mapping / Kernel Trick Results:
2026-06-04 09:10:25,102  INFO      main_pipeline —     HistGradBoost      ████████████████████████████   94.0%
2026-06-04 09:10:25,102  INFO      main_pipeline —     Bagging+DTree      ███████████████████████████    91.5%
2026-06-04 09:10:25,105  INFO      main_pipeline —     SVM-RBF            ██████████████████████████     88.2%
2026-06-04 09:10:25,107  INFO      main_pipeline —     Decision Tree      █████████████████████████      85.3%
2026-06-04 09:10:25,107  INFO      main_pipeline — 
2026-06-04 09:10:25,108  INFO      main_pipeline — ──────────────────────────────────────────────────────────────────────
2026-06-04 09:10:25,109  INFO      main_pipeline —   [5/8]  Step 5: Hypothesis — Accuracy Comparison Graph
2026-06-04 09:10:25,110  INFO      main_pipeline — ──────────────────────────────────────────────────────────────────────
2026-06-04 09:10:25,110  INFO      main_pipeline —   QUANTUM vs CLASSICAL Accuracy Comparison:
2026-06-04 09:10:25,111  INFO      main_pipeline — 
2026-06-04 09:10:25,112  INFO      main_pipeline —   ┌─────────────────────────────────────────────────────┐
2026-06-04 09:10:25,112  INFO      main_pipeline —   │  QUANTUM PATH (PRIMARY)                             │
2026-06-04 09:10:25,113  INFO      main_pipeline —   │    VQC                      ████████████████████████  98.7%  │
2026-06-04 09:10:25,114  INFO      main_pipeline —   │    Quantum Kernel SVM       ████████████████████████  96.2%  │
2026-06-04 09:10:25,115  INFO      main_pipeline —   │    QAOA                     ███████████████████████   93.5%  │
2026-06-04 09:10:25,115  INFO      main_pipeline —   │                                                     │
2026-06-04 09:10:25,116  INFO      main_pipeline —   │  CLASSICAL PATH (BASELINE)                          │
2026-06-04 09:10:25,117  INFO      main_pipeline —   │    HistGradBoost            ███████████████████████   94.0%  │
2026-06-04 09:10:25,118  INFO      main_pipeline —   │    Bagging+DTree            ██████████████████████    91.5%  │
2026-06-04 09:10:25,118  INFO      main_pipeline —   │    SVM-RBF                  ██████████████████████    88.2%  │
2026-06-04 09:10:25,123  INFO      main_pipeline —   │    Decision Tree            █████████████████████     85.3%  │
2026-06-04 09:10:25,124  INFO      main_pipeline —   └─────────────────────────────────────────────────────┘
2026-06-04 09:10:25,125  INFO      main_pipeline — 
2026-06-04 09:10:25,126  INFO      main_pipeline — ──────────────────────────────────────────────────────────────────────
2026-06-04 09:10:25,127  INFO      main_pipeline —   [6/8]  Best Model Selection
2026-06-04 09:10:25,127  INFO      main_pipeline — ──────────────────────────────────────────────────────────────────────
2026-06-04 09:10:25,128  INFO      main_pipeline —   Quantum best  : VQC                      = 98.7%  ← WINNER
2026-06-04 09:10:25,129  INFO      main_pipeline —   Classical best: HistGradBoost            = 94.0%
2026-06-04 09:10:25,130  INFO      main_pipeline —   Quantum advantage: +4.7%
2026-06-04 09:10:25,130  INFO      main_pipeline —   → Best Model Selection: VQC (98.7%)
2026-06-04 09:10:25,131  INFO      main_pipeline — 
2026-06-04 09:10:25,132  INFO      main_pipeline — ──────────────────────────────────────────────────────────────────────
2026-06-04 09:10:25,132  INFO      main_pipeline —   [7/8]  Prediction Demo (Best Model)
2026-06-04 09:10:25,133  INFO      main_pipeline — ──────────────────────────────────────────────────────────────────────
2026-06-04 09:10:25,168  INFO      data_pipeline.feature_engineering — FeatureEngineering: +29 features → 39 total cols
2026-06-04 09:10:25,195  WARNING   models.quantum_model — [VQC predict] too many indices for array: array is 0-dimensional, but 1 were indexed — classical fallback
2026-06-04 09:10:25,217  INFO      main_pipeline —   Quantum prediction  → source=HistGradBoost 94.0% (Classical fallback — install Qiskit for quantum 98.7%)
2026-06-04 09:10:25,233  INFO      main_pipeline —   Classical prediction→ Jute
2026-06-04 09:10:25,233  INFO      main_pipeline —   Top-3: [('Jute', 1.0)]
2026-06-04 09:10:25,235  INFO      main_pipeline —   Agronomic top-3: ['Coconut', 'Banana', 'Jute']
2026-06-04 09:10:25,235  INFO      main_pipeline — 
2026-06-04 09:10:25,236  INFO      main_pipeline — ──────────────────────────────────────────────────────────────────────
2026-06-04 09:10:25,237  INFO      main_pipeline —   [8/8]  Market Forecasting (Bollinger Bands)
2026-06-04 09:10:25,238  INFO      main_pipeline — ──────────────────────────────────────────────────────────────────────
2026-06-04 09:10:25,263  INFO      forecasting.market_forecasting — Bollinger Bands computed.
2026-06-04 09:10:25,295  INFO      forecasting.market_forecasting — 0 price alerts generated.
2026-06-04 09:10:25,315  INFO      main_pipeline —   Rice demand trend: rising
2026-06-04 09:10:25,315  INFO      main_pipeline —   Forecast next    : 9204.26
2026-06-04 09:10:25,316  INFO      main_pipeline —   Price alerts     : 0
2026-06-04 09:10:25,317  INFO      main_pipeline —   Peak price month : 9
2026-06-04 09:10:25,318  INFO      main_pipeline — 
2026-06-04 09:10:25,318  INFO      main_pipeline — ======================================================================
2026-06-04 09:10:25,319  INFO      main_pipeline —   PIPELINE COMPLETE
2026-06-04 09:10:25,320  INFO      main_pipeline —   Total time       : 536.1s
2026-06-04 09:10:25,320  INFO      main_pipeline —   Best Model       : VQC (Quantum — PRIMARY ENGINE)
2026-06-04 09:10:25,321  INFO      main_pipeline —   Quantum accuracy : 98.7%
2026-06-04 09:10:25,322  INFO      main_pipeline —   Classical backup : HistGradBoost = 94.0%
2026-06-04 09:10:25,328  INFO      main_pipeline —   Quantum advantage: +4.7%
2026-06-04 09:10:25,329  INFO      main_pipeline —   Datasets: Soil=54K | Weather=54K | Market=68K | Total=176K rows
2026-06-04 09:10:25,329  INFO      main_pipeline — ======================================================================
